生成启动时间为 2016/8/23 10:24:49。
     1>项目“H:\VO_project离线处理withBA\VO_project\VO_project.vcxproj”在节点 2 上(Build 个目标)。
     1>ClCompile:
         C:\Microsoft Visual Studio 12.0\VC\bin\x86_amd64\CL.exe /c /Zi /nologo /W3 /WX- /sdl /Od /D WIN32 /D _DEBUG /D _CONSOLE /D _LIB /D _UNICODE /D UNICODE /Gm /EHsc /RTC1 /MDd /GS /fp:precise /Zc:wchar_t /Zc:forScope /Fo"x64\Debug\\" /Fd"x64\Debug\vc120.pdb" /Gd /TP /errorReport:prompt VO_main.cpp visual_odometry.cpp
         visual_odometry.cpp
     1>visual_odometry.cpp(589): warning C4244: “初始化”: 从“float”转换到“int”，可能丢失数据
     1>visual_odometry.cpp(590): warning C4244: “初始化”: 从“float”转换到“int”，可能丢失数据
     1>visual_odometry.cpp(593): warning C4056: 浮点常量算术溢出
     1>visual_odometry.cpp(594): warning C4056: 浮点常量算术溢出
     1>visual_odometry.cpp(595): warning C4056: 浮点常量算术溢出
     1>visual_odometry.cpp(781): warning C4267: “初始化”: 从“size_t”转换到“int”，可能丢失数据
     1>visual_odometry.cpp(905): warning C4305: “=”: 从“double”到“float”截断
     1>visual_odometry.cpp(946): warning C4244: “初始化”: 从“double”转换到“float”，可能丢失数据
     1>visual_odometry.cpp(947): warning C4244: “初始化”: 从“double”转换到“float”，可能丢失数据
     1>visual_odometry.cpp(948): warning C4244: “初始化”: 从“double”转换到“float”，可能丢失数据
     1>visual_odometry.cpp(961): warning C4244: “初始化”: 从“double”转换到“float”，可能丢失数据
     1>visual_odometry.cpp(962): warning C4244: “初始化”: 从“double”转换到“float”，可能丢失数据
     1>visual_odometry.cpp(963): warning C4244: “初始化”: 从“double”转换到“float”，可能丢失数据
     1>visual_odometry.cpp(1119): warning C4244: “参数”: 从“float”转换到“int”，可能丢失数据
     1>visual_odometry.cpp(1121): warning C4244: “参数”: 从“float”转换到“int”，可能丢失数据
     1>visual_odometry.cpp(1182): warning C4244: “参数”: 从“const double”转换到“int”，可能丢失数据
     1>visual_odometry.cpp(1195): warning C4244: “初始化”: 从“float”转换到“int”，可能丢失数据
     1>visual_odometry.cpp(1415): warning C4101: “szStatusMessage”: 未引用的局部变量
         VO_main.cpp
     1>VO_main.cpp(105): warning C4244: “=”: 从“double”转换到“int”，可能丢失数据
     1>VO_main.cpp(106): warning C4244: “=”: 从“double”转换到“int”，可能丢失数据
     1>VO_main.cpp(108): warning C4244: “=”: 从“double”转换到“int”，可能丢失数据
     1>VO_main.cpp(109): warning C4244: “=”: 从“double”转换到“int”，可能丢失数据
     1>VO_main.cpp(121): warning C4244: “初始化”: 从“double”转换到“int”，可能丢失数据
     1>VO_main.cpp(122): warning C4244: “初始化”: 从“double”转换到“int”，可能丢失数据
     1>VO_main.cpp(167): warning C4102: “endstop”: 未引用的标签
         正在生成代码...
     1>h:\vo_project离线处理withba\vo_project\visual_odometry.cpp(593): warning C4756: 常量算法中溢出
     1>h:\vo_project离线处理withba\vo_project\visual_odometry.cpp(594): warning C4756: 常量算法中溢出
     1>h:\vo_project离线处理withba\vo_project\visual_odometry.cpp(595): warning C4756: 常量算法中溢出
     1>h:\vo_project离线处理withba\vo_project\visual_odometry.cpp(593): warning C4756: 常量算法中溢出
       Link:
         C:\Microsoft Visual Studio 12.0\VC\bin\x86_amd64\link.exe /ERRORREPORT:PROMPT /OUT:"H:\VO_project离线处理withBA\x64\Debug\VO_project.exe" /INCREMENTAL /NOLOGO opencv_world310d.lib Kinect20.lib kernel32.lib user32.lib gdi32.lib winspool.lib comdlg32.lib advapi32.lib shell32.lib ole32.lib oleaut32.lib uuid.lib odbc32.lib odbccp32.lib /MANIFEST /MANIFESTUAC:"level='asInvoker' uiAccess='false'" /manifest:embed /DEBUG /PDB:"H:\VO_project离线处理withBA\x64\Debug\VO_project.pdb" /SUBSYSTEM:CONSOLE /TLBID:1 /DYNAMICBASE /NXCOMPAT /IMPLIB:"H:\VO_project离线处理withBA\x64\Debug\VO_project.lib" /MACHINE:X64 x64\Debug\8_point_finding_E.obj
         x64\Debug\FileWriter.obj
         x64\Debug\pinhole_camera.obj
         x64\Debug\visual_odometry.obj
         x64\Debug\VO_main.obj
         VO_project.vcxproj -> H:\VO_project离线处理withBA\x64\Debug\VO_project.exe
     1>已完成生成项目“H:\VO_project离线处理withBA\VO_project\VO_project.vcxproj”(Build 个目标)的操作。

生成成功。

已用时间 00:00:11.57
